<?xml version="1.0" encoding="UTF-8"?>
<testsuites>
  <testsuite name="" tests="102" assertions="344" errors="0" warnings="0" failures="1" skipped="0" time="0.466030">
    <testsuite name="CodeIgniter Application Test Suite" tests="102" assertions="344" errors="0" warnings="0" failures="1" skipped="0" time="0.466030">
      <testsuite name="Admin_test" file="/var/www/html/equipe3-0/CodeIgniter/application/tests/MEC/controllers/Admin_test.php" tests="10" assertions="10" errors="0" warnings="0" failures="0" skipped="0" time="0.157308">
        <testcase name="testIndex" class="Admin_test" classname="Admin_test" file="/var/www/html/equipe3-0/CodeIgniter/application/tests/MEC/controllers/Admin_test.php" line="6" assertions="1" time="0.007670"/>
        <testcase name="testUsers" class="Admin_test" classname="Admin_test" file="/var/www/html/equipe3-0/CodeIgniter/application/tests/MEC/controllers/Admin_test.php" line="16" assertions="1" time="0.003808"/>
        <testcase name="testCategories" class="Admin_test" classname="Admin_test" file="/var/www/html/equipe3-0/CodeIgniter/application/tests/MEC/controllers/Admin_test.php" line="26" assertions="1" time="0.002961"/>
        <testcase name="testProducts" class="Admin_test" classname="Admin_test" file="/var/www/html/equipe3-0/CodeIgniter/application/tests/MEC/controllers/Admin_test.php" line="36" assertions="1" time="0.003540"/>
        <testcase name="testAddProductView" class="Admin_test" classname="Admin_test" file="/var/www/html/equipe3-0/CodeIgniter/application/tests/MEC/controllers/Admin_test.php" line="46" assertions="1" time="0.002753"/>
        <testcase name="testAddProduct" class="Admin_test" classname="Admin_test" file="/var/www/html/equipe3-0/CodeIgniter/application/tests/MEC/controllers/Admin_test.php" line="56" assertions="1" time="0.002561"/>
        <testcase name="testModifProductView" class="Admin_test" classname="Admin_test" file="/var/www/html/equipe3-0/CodeIgniter/application/tests/MEC/controllers/Admin_test.php" line="66" assertions="1" time="0.004237"/>
        <testcase name="testToggleVisibility" class="Admin_test" classname="Admin_test" file="/var/www/html/equipe3-0/CodeIgniter/application/tests/MEC/controllers/Admin_test.php" line="76" assertions="1" time="0.124028"/>
        <testcase name="testAddCategorie" class="Admin_test" classname="Admin_test" file="/var/www/html/equipe3-0/CodeIgniter/application/tests/MEC/controllers/Admin_test.php" line="97" assertions="1" time="0.002856"/>
        <testcase name="testModifCategorie" class="Admin_test" classname="Admin_test" file="/var/www/html/equipe3-0/CodeIgniter/application/tests/MEC/controllers/Admin_test.php" line="107" assertions="1" time="0.002894"/>
      </testsuite>
      <testsuite name="Contact_test" file="/var/www/html/equipe3-0/CodeIgniter/application/tests/MEC/controllers/Contact_test.php" tests="1" assertions="1" errors="0" warnings="0" failures="0" skipped="0" time="0.004572">
        <testcase name="testIndex" class="Contact_test" classname="Contact_test" file="/var/www/html/equipe3-0/CodeIgniter/application/tests/MEC/controllers/Contact_test.php" line="26" assertions="1" time="0.004572"/>
      </testsuite>
      <testsuite name="Error404_test" file="/var/www/html/equipe3-0/CodeIgniter/application/tests/MEC/controllers/Error404_test.php" tests="1" assertions="1" errors="0" warnings="0" failures="0" skipped="0" time="0.003519">
        <testcase name="testIndex" class="Error404_test" classname="Error404_test" file="/var/www/html/equipe3-0/CodeIgniter/application/tests/MEC/controllers/Error404_test.php" line="6" assertions="1" time="0.003519"/>
      </testsuite>
      <testsuite name="Home_test" file="/var/www/html/equipe3-0/CodeIgniter/application/tests/MEC/controllers/Home_test.php" tests="1" assertions="1" errors="0" warnings="0" failures="0" skipped="0" time="0.002353">
        <testcase name="testIndex" class="Home_test" classname="Home_test" file="/var/www/html/equipe3-0/CodeIgniter/application/tests/MEC/controllers/Home_test.php" line="6" assertions="1" time="0.002353"/>
      </testsuite>
      <testsuite name="Product_test" file="/var/www/html/equipe3-0/CodeIgniter/application/tests/MEC/controllers/Product_test.php" tests="9" assertions="9" errors="0" warnings="0" failures="0" skipped="0" time="0.028416">
        <testcase name="testFindCategorie" class="Product_test" classname="Product_test" file="/var/www/html/equipe3-0/CodeIgniter/application/tests/MEC/controllers/Product_test.php" line="6" assertions="1" time="0.003858"/>
        <testcase name="testFindRechercher" class="Product_test" classname="Product_test" file="/var/www/html/equipe3-0/CodeIgniter/application/tests/MEC/controllers/Product_test.php" line="12" assertions="1" time="0.003323"/>
        <testcase name="testFindTri" class="Product_test" classname="Product_test" file="/var/www/html/equipe3-0/CodeIgniter/application/tests/MEC/controllers/Product_test.php" line="18" assertions="1" time="0.003465"/>
        <testcase name="testFindPage" class="Product_test" classname="Product_test" file="/var/www/html/equipe3-0/CodeIgniter/application/tests/MEC/controllers/Product_test.php" line="24" assertions="1" time="0.003216"/>
        <testcase name="testPriceMin" class="Product_test" classname="Product_test" file="/var/www/html/equipe3-0/CodeIgniter/application/tests/MEC/controllers/Product_test.php" line="30" assertions="1" time="0.003267"/>
        <testcase name="testPriceMax" class="Product_test" classname="Product_test" file="/var/www/html/equipe3-0/CodeIgniter/application/tests/MEC/controllers/Product_test.php" line="36" assertions="1" time="0.003148"/>
        <testcase name="testDisplay" class="Product_test" classname="Product_test" file="/var/www/html/equipe3-0/CodeIgniter/application/tests/MEC/controllers/Product_test.php" line="42" assertions="1" time="0.002727"/>
        <testcase name="testDisplay2" class="Product_test" classname="Product_test" file="/var/www/html/equipe3-0/CodeIgniter/application/tests/MEC/controllers/Product_test.php" line="48" assertions="1" time="0.002723"/>
        <testcase name="testDisplayError" class="Product_test" classname="Product_test" file="/var/www/html/equipe3-0/CodeIgniter/application/tests/MEC/controllers/Product_test.php" line="54" assertions="1" time="0.002689"/>
      </testsuite>
      <testsuite name="ShoppingCart_test" file="/var/www/html/equipe3-0/CodeIgniter/application/tests/MEC/controllers/ShoppingCart_test.php" tests="7" assertions="10" errors="0" warnings="0" failures="0" skipped="0" time="0.054336">
        <testcase name="testIndex" class="ShoppingCart_test" classname="ShoppingCart_test" file="/var/www/html/equipe3-0/CodeIgniter/application/tests/MEC/controllers/ShoppingCart_test.php" line="6" assertions="1" time="0.005722"/>
        <testcase name="testAddProduct" class="ShoppingCart_test" classname="ShoppingCart_test" file="/var/www/html/equipe3-0/CodeIgniter/application/tests/MEC/controllers/ShoppingCart_test.php" line="16" assertions="1" time="0.006060"/>
        <testcase name="testRemoveProduct" class="ShoppingCart_test" classname="ShoppingCart_test" file="/var/www/html/equipe3-0/CodeIgniter/application/tests/MEC/controllers/ShoppingCart_test.php" line="28" assertions="2" time="0.009359"/>
        <testcase name="testOrderCommand" class="ShoppingCart_test" classname="ShoppingCart_test" file="/var/www/html/equipe3-0/CodeIgniter/application/tests/MEC/controllers/ShoppingCart_test.php" line="45" assertions="1" time="0.006704"/>
        <testcase name="testValidatePayment" class="ShoppingCart_test" classname="ShoppingCart_test" file="/var/www/html/equipe3-0/CodeIgniter/application/tests/MEC/controllers/ShoppingCart_test.php" line="62" assertions="1" time="0.010044"/>
        <testcase name="testEmptyCart" class="ShoppingCart_test" classname="ShoppingCart_test" file="/var/www/html/equipe3-0/CodeIgniter/application/tests/MEC/controllers/ShoppingCart_test.php" line="77" assertions="2" time="0.005776"/>
        <testcase name="testGet_card_total" class="ShoppingCart_test" classname="ShoppingCart_test" file="/var/www/html/equipe3-0/CodeIgniter/application/tests/MEC/controllers/ShoppingCart_test.php" line="96" assertions="2" time="0.010670"/>
      </testsuite>
      <testsuite name="User_test" file="/var/www/html/equipe3-0/CodeIgniter/application/tests/MEC/controllers/User_test.php" tests="6" assertions="7" errors="0" warnings="0" failures="1" skipped="0" time="0.024734">
        <testcase name="testLogin" class="User_test" classname="User_test" file="/var/www/html/equipe3-0/CodeIgniter/application/tests/MEC/controllers/User_test.php" line="10" assertions="1" time="0.003410">
          <failure type="PHPUnit\Framework\ExpectationFailedException">User_test::testLogin
Status code is not 302 but 200.
Failed asserting that 200 is identical to 302.

/var/www/html/equipe3-0/CodeIgniter/application/tests/_ci_phpunit_test/CIPHPUnitTestCase.php:317
/var/www/html/equipe3-0/CodeIgniter/application/tests/MEC/controllers/User_test.php:12</failure>
        </testcase>
        <testcase name="testModifyAddress" class="User_test" classname="User_test" file="/var/www/html/equipe3-0/CodeIgniter/application/tests/MEC/controllers/User_test.php" line="15" assertions="1" time="0.004035"/>
        <testcase name="testModify" class="User_test" classname="User_test" file="/var/www/html/equipe3-0/CodeIgniter/application/tests/MEC/controllers/User_test.php" line="25" assertions="1" time="0.004317"/>
        <testcase name="testAccountConnected" class="User_test" classname="User_test" file="/var/www/html/equipe3-0/CodeIgniter/application/tests/MEC/controllers/User_test.php" line="35" assertions="1" time="0.003821"/>
        <testcase name="testAccountNotConnected" class="User_test" classname="User_test" file="/var/www/html/equipe3-0/CodeIgniter/application/tests/MEC/controllers/User_test.php" line="45" assertions="1" time="0.002512"/>
        <testcase name="testModifyAdress" class="User_test" classname="User_test" file="/var/www/html/equipe3-0/CodeIgniter/application/tests/MEC/controllers/User_test.php" line="51" assertions="2" time="0.006638"/>
      </testsuite>
      <testsuite name="AchatEntity_test" file="/var/www/html/equipe3-0/CodeIgniter/application/tests/MEC/entities/AchatEntity_test.php" tests="3" assertions="3" errors="0" warnings="0" failures="0" skipped="0" time="0.003126">
        <testcase name="testSetIdProduit" class="AchatEntity_test" classname="AchatEntity_test" file="/var/www/html/equipe3-0/CodeIgniter/application/tests/MEC/entities/AchatEntity_test.php" line="5" assertions="1" time="0.001078"/>
        <testcase name="testSetIdFacture" class="AchatEntity_test" classname="AchatEntity_test" file="/var/www/html/equipe3-0/CodeIgniter/application/tests/MEC/entities/AchatEntity_test.php" line="12" assertions="1" time="0.001030"/>
        <testcase name="testSetPrix" class="AchatEntity_test" classname="AchatEntity_test" file="/var/www/html/equipe3-0/CodeIgniter/application/tests/MEC/entities/AchatEntity_test.php" line="19" assertions="1" time="0.001017"/>
      </testsuite>
      <testsuite name="AffectationEntity_test" file="/var/www/html/equipe3-0/CodeIgniter/application/tests/MEC/entities/AffectationEntity_test.php" tests="2" assertions="2" errors="0" warnings="0" failures="0" skipped="0" time="0.002085">
        <testcase name="testSetIdProduit" class="AffectationEntity_test" classname="AffectationEntity_test" file="/var/www/html/equipe3-0/CodeIgniter/application/tests/MEC/entities/AffectationEntity_test.php" line="5" assertions="1" time="0.001043"/>
        <testcase name="testSetIdCategorie" class="AffectationEntity_test" classname="AffectationEntity_test" file="/var/www/html/equipe3-0/CodeIgniter/application/tests/MEC/entities/AffectationEntity_test.php" line="12" assertions="1" time="0.001042"/>
      </testsuite>
      <testsuite name="CategorieEntity_test" file="/var/www/html/equipe3-0/CodeIgniter/application/tests/MEC/entities/CategorieEntity_test.php" tests="1" assertions="1" errors="0" warnings="0" failures="0" skipped="0" time="0.001025">
        <testcase name="testSetLibelle" class="CategorieEntity_test" classname="CategorieEntity_test" file="/var/www/html/equipe3-0/CodeIgniter/application/tests/MEC/entities/CategorieEntity_test.php" line="4" assertions="1" time="0.001025"/>
      </testsuite>
      <testsuite name="FactureEntity_test" file="/var/www/html/equipe3-0/CodeIgniter/application/tests/MEC/entities/FactureEntity_test.php" tests="9" assertions="9" errors="0" warnings="0" failures="0" skipped="0" time="0.009256">
        <testcase name="testSetDate" class="FactureEntity_test" classname="FactureEntity_test" file="/var/www/html/equipe3-0/CodeIgniter/application/tests/MEC/entities/FactureEntity_test.php" line="5" assertions="1" time="0.001130"/>
        <testcase name="testSetTotal" class="FactureEntity_test" classname="FactureEntity_test" file="/var/www/html/equipe3-0/CodeIgniter/application/tests/MEC/entities/FactureEntity_test.php" line="12" assertions="1" time="0.001013"/>
        <testcase name="testSetUserId" class="FactureEntity_test" classname="FactureEntity_test" file="/var/www/html/equipe3-0/CodeIgniter/application/tests/MEC/entities/FactureEntity_test.php" line="19" assertions="1" time="0.001013"/>
        <testcase name="testSetAdresse" class="FactureEntity_test" classname="FactureEntity_test" file="/var/www/html/equipe3-0/CodeIgniter/application/tests/MEC/entities/FactureEntity_test.php" line="26" assertions="1" time="0.001010"/>
        <testcase name="testSetNumeroRue" class="FactureEntity_test" classname="FactureEntity_test" file="/var/www/html/equipe3-0/CodeIgniter/application/tests/MEC/entities/FactureEntity_test.php" line="33" assertions="1" time="0.001027"/>
        <testcase name="testSetPays" class="FactureEntity_test" classname="FactureEntity_test" file="/var/www/html/equipe3-0/CodeIgniter/application/tests/MEC/entities/FactureEntity_test.php" line="40" assertions="1" time="0.001013"/>
        <testcase name="testSetVille" class="FactureEntity_test" classname="FactureEntity_test" file="/var/www/html/equipe3-0/CodeIgniter/application/tests/MEC/entities/FactureEntity_test.php" line="47" assertions="1" time="0.001023"/>
        <testcase name="testSetCodePostal" class="FactureEntity_test" classname="FactureEntity_test" file="/var/www/html/equipe3-0/CodeIgniter/application/tests/MEC/entities/FactureEntity_test.php" line="54" assertions="1" time="0.001020"/>
        <testcase name="testSetPaiement" class="FactureEntity_test" classname="FactureEntity_test" file="/var/www/html/equipe3-0/CodeIgniter/application/tests/MEC/entities/FactureEntity_test.php" line="61" assertions="1" time="0.001008"/>
      </testsuite>
      <testsuite name="ProductEntity_test" file="/var/www/html/equipe3-0/CodeIgniter/application/tests/MEC/entities/ProductEntity_test.php" tests="4" assertions="4" errors="0" warnings="0" failures="0" skipped="0" time="0.004082">
        <testcase name="testSetTitre" class="ProductEntity_test" classname="ProductEntity_test" file="/var/www/html/equipe3-0/CodeIgniter/application/tests/MEC/entities/ProductEntity_test.php" line="5" assertions="1" time="0.001030"/>
        <testcase name="testSetPrix" class="ProductEntity_test" classname="ProductEntity_test" file="/var/www/html/equipe3-0/CodeIgniter/application/tests/MEC/entities/ProductEntity_test.php" line="12" assertions="1" time="0.001017"/>
        <testcase name="testSetDescription" class="ProductEntity_test" classname="ProductEntity_test" file="/var/www/html/equipe3-0/CodeIgniter/application/tests/MEC/entities/ProductEntity_test.php" line="19" assertions="1" time="0.001007"/>
        <testcase name="testSetDisponible" class="ProductEntity_test" classname="ProductEntity_test" file="/var/www/html/equipe3-0/CodeIgniter/application/tests/MEC/entities/ProductEntity_test.php" line="26" assertions="1" time="0.001028"/>
      </testsuite>
      <testsuite name="UserEntity_test" file="/var/www/html/equipe3-0/CodeIgniter/application/tests/MEC/entities/UserEntity_test.php" tests="10" assertions="10" errors="0" warnings="0" failures="0" skipped="0" time="0.010156">
        <testcase name="testSetPrenom" class="UserEntity_test" classname="UserEntity_test" file="/var/www/html/equipe3-0/CodeIgniter/application/tests/MEC/entities/UserEntity_test.php" line="4" assertions="1" time="0.001026"/>
        <testcase name="testSetNom" class="UserEntity_test" classname="UserEntity_test" file="/var/www/html/equipe3-0/CodeIgniter/application/tests/MEC/entities/UserEntity_test.php" line="11" assertions="1" time="0.000998"/>
        <testcase name="testSetPassword" class="UserEntity_test" classname="UserEntity_test" file="/var/www/html/equipe3-0/CodeIgniter/application/tests/MEC/entities/UserEntity_test.php" line="18" assertions="1" time="0.001018"/>
        <testcase name="testSetEmail" class="UserEntity_test" classname="UserEntity_test" file="/var/www/html/equipe3-0/CodeIgniter/application/tests/MEC/entities/UserEntity_test.php" line="25" assertions="1" time="0.001009"/>
        <testcase name="testSetNumRue" class="UserEntity_test" classname="UserEntity_test" file="/var/www/html/equipe3-0/CodeIgniter/application/tests/MEC/entities/UserEntity_test.php" line="32" assertions="1" time="0.001017"/>
        <testcase name="testSetAdresse" class="UserEntity_test" classname="UserEntity_test" file="/var/www/html/equipe3-0/CodeIgniter/application/tests/MEC/entities/UserEntity_test.php" line="39" assertions="1" time="0.001000"/>
        <testcase name="testSetVille" class="UserEntity_test" classname="UserEntity_test" file="/var/www/html/equipe3-0/CodeIgniter/application/tests/MEC/entities/UserEntity_test.php" line="46" assertions="1" time="0.001020"/>
        <testcase name="testSetPostalCode" class="UserEntity_test" classname="UserEntity_test" file="/var/www/html/equipe3-0/CodeIgniter/application/tests/MEC/entities/UserEntity_test.php" line="53" assertions="1" time="0.001025"/>
        <testcase name="testSetPays" class="UserEntity_test" classname="UserEntity_test" file="/var/www/html/equipe3-0/CodeIgniter/application/tests/MEC/entities/UserEntity_test.php" line="60" assertions="1" time="0.001016"/>
        <testcase name="testSetEtat" class="UserEntity_test" classname="UserEntity_test" file="/var/www/html/equipe3-0/CodeIgniter/application/tests/MEC/entities/UserEntity_test.php" line="67" assertions="1" time="0.001027"/>
      </testsuite>
      <testsuite name="AchatModel_test" file="/var/www/html/equipe3-0/CodeIgniter/application/tests/MEC/models/AchatModel_test.php" tests="4" assertions="29" errors="0" warnings="0" failures="0" skipped="0" time="0.015688">
        <testcase name="test_findAll" class="AchatModel_test" classname="AchatModel_test" file="/var/www/html/equipe3-0/CodeIgniter/application/tests/MEC/models/AchatModel_test.php" line="26" assertions="13" time="0.002821"/>
        <testcase name="test_findById" class="AchatModel_test" classname="AchatModel_test" file="/var/www/html/equipe3-0/CodeIgniter/application/tests/MEC/models/AchatModel_test.php" line="58" assertions="12" time="0.003054"/>
        <testcase name="test_boughtFromUser" class="AchatModel_test" classname="AchatModel_test" file="/var/www/html/equipe3-0/CodeIgniter/application/tests/MEC/models/AchatModel_test.php" line="87" assertions="3" time="0.003332"/>
        <testcase name="test_addAchat" class="AchatModel_test" classname="AchatModel_test" file="/var/www/html/equipe3-0/CodeIgniter/application/tests/MEC/models/AchatModel_test.php" line="101" assertions="1" time="0.006481"/>
      </testsuite>
      <testsuite name="AffectationModel_test" file="/var/www/html/equipe3-0/CodeIgniter/application/tests/MEC/models/AffectationModel_test.php" tests="5" assertions="26" errors="0" warnings="0" failures="0" skipped="0" time="0.022195">
        <testcase name="test_findAll" class="AffectationModel_test" classname="AffectationModel_test" file="/var/www/html/equipe3-0/CodeIgniter/application/tests/MEC/models/AffectationModel_test.php" line="26" assertions="13" time="0.002882"/>
        <testcase name="test_findByIdProduct" class="AffectationModel_test" classname="AffectationModel_test" file="/var/www/html/equipe3-0/CodeIgniter/application/tests/MEC/models/AffectationModel_test.php" line="62" assertions="3" time="0.002618"/>
        <testcase name="test_findByIdCategorie" class="AffectationModel_test" classname="AffectationModel_test" file="/var/www/html/equipe3-0/CodeIgniter/application/tests/MEC/models/AffectationModel_test.php" line="72" assertions="6" time="0.002595"/>
        <testcase name="test_addAffectations" class="AffectationModel_test" classname="AffectationModel_test" file="/var/www/html/equipe3-0/CodeIgniter/application/tests/MEC/models/AffectationModel_test.php" line="85" assertions="3" time="0.007790"/>
        <testcase name="test_removeAffectations" class="AffectationModel_test" classname="AffectationModel_test" file="/var/www/html/equipe3-0/CodeIgniter/application/tests/MEC/models/AffectationModel_test.php" line="97" assertions="1" time="0.006311"/>
      </testsuite>
      <testsuite name="CategorieModel_test" file="/var/www/html/equipe3-0/CodeIgniter/application/tests/MEC/models/CategorieModel_test.php" tests="7" assertions="18" errors="0" warnings="0" failures="0" skipped="0" time="0.032328">
        <testcase name="test_findAll" class="CategorieModel_test" classname="CategorieModel_test" file="/var/www/html/equipe3-0/CodeIgniter/application/tests/MEC/models/CategorieModel_test.php" line="26" assertions="7" time="0.002803"/>
        <testcase name="test_findById" class="CategorieModel_test" classname="CategorieModel_test" file="/var/www/html/equipe3-0/CodeIgniter/application/tests/MEC/models/CategorieModel_test.php" line="50" assertions="2" time="0.002629"/>
        <testcase name="test_findQueryBuilder" class="CategorieModel_test" classname="CategorieModel_test" file="/var/www/html/equipe3-0/CodeIgniter/application/tests/MEC/models/CategorieModel_test.php" line="59" assertions="2" time="0.002707"/>
        <testcase name="test_addCategorie" class="CategorieModel_test" classname="CategorieModel_test" file="/var/www/html/equipe3-0/CodeIgniter/application/tests/MEC/models/CategorieModel_test.php" line="69" assertions="2" time="0.005786"/>
        <testcase name="test_updateCategorie" class="CategorieModel_test" classname="CategorieModel_test" file="/var/www/html/equipe3-0/CodeIgniter/application/tests/MEC/models/CategorieModel_test.php" line="84" assertions="2" time="0.005586"/>
        <testcase name="test_removeCategorie" class="CategorieModel_test" classname="CategorieModel_test" file="/var/www/html/equipe3-0/CodeIgniter/application/tests/MEC/models/CategorieModel_test.php" line="100" assertions="2" time="0.010099"/>
        <testcase name="test_findByModelId" class="CategorieModel_test" classname="CategorieModel_test" file="/var/www/html/equipe3-0/CodeIgniter/application/tests/MEC/models/CategorieModel_test.php" line="118" assertions="1" time="0.002716"/>
      </testsuite>
      <testsuite name="FactureModel_test" file="/var/www/html/equipe3-0/CodeIgniter/application/tests/MEC/models/FactureModel_test.php" tests="5" assertions="56" errors="0" warnings="0" failures="0" skipped="0" time="0.016761">
        <testcase name="test_findAll" class="FactureModel_test" classname="FactureModel_test" file="/var/www/html/equipe3-0/CodeIgniter/application/tests/MEC/models/FactureModel_test.php" line="26" assertions="27" time="0.002967"/>
        <testcase name="test_findByUser" class="FactureModel_test" classname="FactureModel_test" file="/var/www/html/equipe3-0/CodeIgniter/application/tests/MEC/models/FactureModel_test.php" line="78" assertions="9" time="0.002692"/>
        <testcase name="test_findById" class="FactureModel_test" classname="FactureModel_test" file="/var/www/html/equipe3-0/CodeIgniter/application/tests/MEC/models/FactureModel_test.php" line="108" assertions="9" time="0.002638"/>
        <testcase name="test_findQueryBuilder" class="FactureModel_test" classname="FactureModel_test" file="/var/www/html/equipe3-0/CodeIgniter/application/tests/MEC/models/FactureModel_test.php" line="135" assertions="10" time="0.003051"/>
        <testcase name="test_addFacture" class="FactureModel_test" classname="FactureModel_test" file="/var/www/html/equipe3-0/CodeIgniter/application/tests/MEC/models/FactureModel_test.php" line="165" assertions="1" time="0.005414"/>
      </testsuite>
      <testsuite name="ProductModel_test" file="/var/www/html/equipe3-0/CodeIgniter/application/tests/MEC/models/ProductModel_test.php" tests="10" assertions="80" errors="0" warnings="0" failures="0" skipped="0" time="0.044340">
        <testcase name="test_findAll" class="ProductModel_test" classname="ProductModel_test" file="/var/www/html/equipe3-0/CodeIgniter/application/tests/MEC/models/ProductModel_test.php" line="26" assertions="16" time="0.002880"/>
        <testcase name="test_findAllAvailable" class="ProductModel_test" classname="ProductModel_test" file="/var/www/html/equipe3-0/CodeIgniter/application/tests/MEC/models/ProductModel_test.php" line="62" assertions="16" time="0.002657"/>
        <testcase name="test_findById" class="ProductModel_test" classname="ProductModel_test" file="/var/www/html/equipe3-0/CodeIgniter/application/tests/MEC/models/ProductModel_test.php" line="97" assertions="15" time="0.002932"/>
        <testcase name="test_findIdAvailable" class="ProductModel_test" classname="ProductModel_test" file="/var/www/html/equipe3-0/CodeIgniter/application/tests/MEC/models/ProductModel_test.php" line="131" assertions="15" time="0.002975"/>
        <testcase name="test_findQueryBuilder" class="ProductModel_test" classname="ProductModel_test" file="/var/www/html/equipe3-0/CodeIgniter/application/tests/MEC/models/ProductModel_test.php" line="163" assertions="5" time="0.002781"/>
        <testcase name="test_addProduct" class="ProductModel_test" classname="ProductModel_test" file="/var/www/html/equipe3-0/CodeIgniter/application/tests/MEC/models/ProductModel_test.php" line="181" assertions="5" time="0.005674"/>
        <testcase name="test_updateProduct" class="ProductModel_test" classname="ProductModel_test" file="/var/www/html/equipe3-0/CodeIgniter/application/tests/MEC/models/ProductModel_test.php" line="205" assertions="5" time="0.008748"/>
        <testcase name="test_removeProduct" class="ProductModel_test" classname="ProductModel_test" file="/var/www/html/equipe3-0/CodeIgniter/application/tests/MEC/models/ProductModel_test.php" line="225" assertions="1" time="0.010022"/>
        <testcase name="test_getProductsByUserId" class="ProductModel_test" classname="ProductModel_test" file="/var/www/html/equipe3-0/CodeIgniter/application/tests/MEC/models/ProductModel_test.php" line="239" assertions="1" time="0.003070"/>
        <testcase name="test_getNumberOfAvailableProducts" class="ProductModel_test" classname="ProductModel_test" file="/var/www/html/equipe3-0/CodeIgniter/application/tests/MEC/models/ProductModel_test.php" line="246" assertions="1" time="0.002602"/>
      </testsuite>
      <testsuite name="UserModel_test" file="/var/www/html/equipe3-0/CodeIgniter/application/tests/MEC/models/UserModel_test.php" tests="7" assertions="67" errors="0" warnings="0" failures="0" skipped="0" time="0.029751">
        <testcase name="test_findAll" class="UserModel_test" classname="UserModel_test" file="/var/www/html/equipe3-0/CodeIgniter/application/tests/MEC/models/UserModel_test.php" line="25" assertions="16" time="0.002978"/>
        <testcase name="test_findById" class="UserModel_test" classname="UserModel_test" file="/var/www/html/equipe3-0/CodeIgniter/application/tests/MEC/models/UserModel_test.php" line="64" assertions="18" time="0.002972"/>
        <testcase name="test_findByEmail" class="UserModel_test" classname="UserModel_test" file="/var/www/html/equipe3-0/CodeIgniter/application/tests/MEC/models/UserModel_test.php" line="100" assertions="18" time="0.002962"/>
        <testcase name="test_addUser" class="UserModel_test" classname="UserModel_test" file="/var/www/html/equipe3-0/CodeIgniter/application/tests/MEC/models/UserModel_test.php" line="136" assertions="6" time="0.006921"/>
        <testcase name="test_updateUser" class="UserModel_test" classname="UserModel_test" file="/var/www/html/equipe3-0/CodeIgniter/application/tests/MEC/models/UserModel_test.php" line="160" assertions="6" time="0.005825"/>
        <testcase name="test_activeUser" class="UserModel_test" classname="UserModel_test" file="/var/www/html/equipe3-0/CodeIgniter/application/tests/MEC/models/UserModel_test.php" line="182" assertions="1" time="0.005152"/>
        <testcase name="test_isActive" class="UserModel_test" classname="UserModel_test" file="/var/www/html/equipe3-0/CodeIgniter/application/tests/MEC/models/UserModel_test.php" line="193" assertions="2" time="0.002941"/>
      </testsuite>
    </testsuite>
  </testsuite>
</testsuites>
