<?xml version="1.0" encoding="UTF-8"?>
<testsuites>
  <testsuite name="" tests="102" assertions="344" errors="0" warnings="0" failures="0" skipped="0" time="0.476803">
    <testsuite name="CodeIgniter Application Test Suite" tests="102" assertions="344" errors="0" warnings="0" failures="0" skipped="0" time="0.476803">
      <testsuite name="Admin_test" file="/var/www/html/equipe3-0/CodeIgniter/application/tests/MEC/controllers/Admin_test.php" tests="10" assertions="10" errors="0" warnings="0" failures="0" skipped="0" time="0.046724">
        <testcase name="testIndex" class="Admin_test" classname="Admin_test" file="/var/www/html/equipe3-0/CodeIgniter/application/tests/MEC/controllers/Admin_test.php" line="6" assertions="1" time="0.007896"/>
        <testcase name="testUsers" class="Admin_test" classname="Admin_test" file="/var/www/html/equipe3-0/CodeIgniter/application/tests/MEC/controllers/Admin_test.php" line="16" assertions="1" time="0.003686"/>
        <testcase name="testCategories" class="Admin_test" classname="Admin_test" file="/var/www/html/equipe3-0/CodeIgniter/application/tests/MEC/controllers/Admin_test.php" line="26" assertions="1" time="0.002954"/>
        <testcase name="testProducts" class="Admin_test" classname="Admin_test" file="/var/www/html/equipe3-0/CodeIgniter/application/tests/MEC/controllers/Admin_test.php" line="36" assertions="1" time="0.003290"/>
        <testcase name="testAddProductView" class="Admin_test" classname="Admin_test" file="/var/www/html/equipe3-0/CodeIgniter/application/tests/MEC/controllers/Admin_test.php" line="46" assertions="1" time="0.002684"/>
        <testcase name="testAddProduct" class="Admin_test" classname="Admin_test" file="/var/www/html/equipe3-0/CodeIgniter/application/tests/MEC/controllers/Admin_test.php" line="56" assertions="1" time="0.002526"/>
        <testcase name="testModifProductView" class="Admin_test" classname="Admin_test" file="/var/www/html/equipe3-0/CodeIgniter/application/tests/MEC/controllers/Admin_test.php" line="66" assertions="1" time="0.004264"/>
        <testcase name="testToggleVisibility" class="Admin_test" classname="Admin_test" file="/var/www/html/equipe3-0/CodeIgniter/application/tests/MEC/controllers/Admin_test.php" line="76" assertions="1" time="0.013570"/>
        <testcase name="testAddCategorie" class="Admin_test" classname="Admin_test" file="/var/www/html/equipe3-0/CodeIgniter/application/tests/MEC/controllers/Admin_test.php" line="97" assertions="1" time="0.002978"/>
        <testcase name="testModifCategorie" class="Admin_test" classname="Admin_test" file="/var/www/html/equipe3-0/CodeIgniter/application/tests/MEC/controllers/Admin_test.php" line="107" assertions="1" time="0.002876"/>
      </testsuite>
      <testsuite name="Contact_test" file="/var/www/html/equipe3-0/CodeIgniter/application/tests/MEC/controllers/Contact_test.php" tests="1" assertions="1" errors="0" warnings="0" failures="0" skipped="0" time="0.004614">
        <testcase name="testIndex" class="Contact_test" classname="Contact_test" file="/var/www/html/equipe3-0/CodeIgniter/application/tests/MEC/controllers/Contact_test.php" line="26" assertions="1" time="0.004614"/>
      </testsuite>
      <testsuite name="Error404_test" file="/var/www/html/equipe3-0/CodeIgniter/application/tests/MEC/controllers/Error404_test.php" tests="1" assertions="1" errors="0" warnings="0" failures="0" skipped="0" time="0.003494">
        <testcase name="testIndex" class="Error404_test" classname="Error404_test" file="/var/www/html/equipe3-0/CodeIgniter/application/tests/MEC/controllers/Error404_test.php" line="6" assertions="1" time="0.003494"/>
      </testsuite>
      <testsuite name="Home_test" file="/var/www/html/equipe3-0/CodeIgniter/application/tests/MEC/controllers/Home_test.php" tests="1" assertions="1" errors="0" warnings="0" failures="0" skipped="0" time="0.002350">
        <testcase name="testIndex" class="Home_test" classname="Home_test" file="/var/www/html/equipe3-0/CodeIgniter/application/tests/MEC/controllers/Home_test.php" line="6" assertions="1" time="0.002350"/>
      </testsuite>
      <testsuite name="Product_test" file="/var/www/html/equipe3-0/CodeIgniter/application/tests/MEC/controllers/Product_test.php" tests="9" assertions="9" errors="0" warnings="0" failures="0" skipped="0" time="0.029384">
        <testcase name="testFindCategorie" class="Product_test" classname="Product_test" file="/var/www/html/equipe3-0/CodeIgniter/application/tests/MEC/controllers/Product_test.php" line="6" assertions="1" time="0.004502"/>
        <testcase name="testFindRechercher" class="Product_test" classname="Product_test" file="/var/www/html/equipe3-0/CodeIgniter/application/tests/MEC/controllers/Product_test.php" line="12" assertions="1" time="0.003329"/>
        <testcase name="testFindTri" class="Product_test" classname="Product_test" file="/var/www/html/equipe3-0/CodeIgniter/application/tests/MEC/controllers/Product_test.php" line="18" assertions="1" time="0.003494"/>
        <testcase name="testFindPage" class="Product_test" classname="Product_test" file="/var/www/html/equipe3-0/CodeIgniter/application/tests/MEC/controllers/Product_test.php" line="24" assertions="1" time="0.003221"/>
        <testcase name="testPriceMin" class="Product_test" classname="Product_test" file="/var/www/html/equipe3-0/CodeIgniter/application/tests/MEC/controllers/Product_test.php" line="30" assertions="1" time="0.003273"/>
        <testcase name="testPriceMax" class="Product_test" classname="Product_test" file="/var/www/html/equipe3-0/CodeIgniter/application/tests/MEC/controllers/Product_test.php" line="36" assertions="1" time="0.003261"/>
        <testcase name="testDisplay" class="Product_test" classname="Product_test" file="/var/www/html/equipe3-0/CodeIgniter/application/tests/MEC/controllers/Product_test.php" line="42" assertions="1" time="0.002737"/>
        <testcase name="testDisplay2" class="Product_test" classname="Product_test" file="/var/www/html/equipe3-0/CodeIgniter/application/tests/MEC/controllers/Product_test.php" line="48" assertions="1" time="0.002724"/>
        <testcase name="testDisplayError" class="Product_test" classname="Product_test" file="/var/www/html/equipe3-0/CodeIgniter/application/tests/MEC/controllers/Product_test.php" line="54" assertions="1" time="0.002842"/>
      </testsuite>
      <testsuite name="ShoppingCart_test" file="/var/www/html/equipe3-0/CodeIgniter/application/tests/MEC/controllers/ShoppingCart_test.php" tests="7" assertions="10" errors="0" warnings="0" failures="0" skipped="0" time="0.110905">
        <testcase name="testIndex" class="ShoppingCart_test" classname="ShoppingCart_test" file="/var/www/html/equipe3-0/CodeIgniter/application/tests/MEC/controllers/ShoppingCart_test.php" line="6" assertions="1" time="0.005772"/>
        <testcase name="testAddProduct" class="ShoppingCart_test" classname="ShoppingCart_test" file="/var/www/html/equipe3-0/CodeIgniter/application/tests/MEC/controllers/ShoppingCart_test.php" line="16" assertions="1" time="0.006105"/>
        <testcase name="testRemoveProduct" class="ShoppingCart_test" classname="ShoppingCart_test" file="/var/www/html/equipe3-0/CodeIgniter/application/tests/MEC/controllers/ShoppingCart_test.php" line="28" assertions="2" time="0.009883"/>
        <testcase name="testOrderCommand" class="ShoppingCart_test" classname="ShoppingCart_test" file="/var/www/html/equipe3-0/CodeIgniter/application/tests/MEC/controllers/ShoppingCart_test.php" line="45" assertions="1" time="0.006210"/>
        <testcase name="testValidatePayment" class="ShoppingCart_test" classname="ShoppingCart_test" file="/var/www/html/equipe3-0/CodeIgniter/application/tests/MEC/controllers/ShoppingCart_test.php" line="62" assertions="1" time="0.066949"/>
        <testcase name="testEmptyCart" class="ShoppingCart_test" classname="ShoppingCart_test" file="/var/www/html/equipe3-0/CodeIgniter/application/tests/MEC/controllers/ShoppingCart_test.php" line="77" assertions="2" time="0.006066"/>
        <testcase name="testGet_card_total" class="ShoppingCart_test" classname="ShoppingCart_test" file="/var/www/html/equipe3-0/CodeIgniter/application/tests/MEC/controllers/ShoppingCart_test.php" line="96" assertions="2" time="0.009921"/>
      </testsuite>
      <testsuite name="User_test" file="/var/www/html/equipe3-0/CodeIgniter/application/tests/MEC/controllers/User_test.php" tests="6" assertions="7" errors="0" warnings="0" failures="0" skipped="0" time="0.081637">
        <testcase name="testLogin" class="User_test" classname="User_test" file="/var/www/html/equipe3-0/CodeIgniter/application/tests/MEC/controllers/User_test.php" line="10" assertions="1" time="0.060148"/>
        <testcase name="testModifyAddress" class="User_test" classname="User_test" file="/var/www/html/equipe3-0/CodeIgniter/application/tests/MEC/controllers/User_test.php" line="15" assertions="1" time="0.004275"/>
        <testcase name="testModify" class="User_test" classname="User_test" file="/var/www/html/equipe3-0/CodeIgniter/application/tests/MEC/controllers/User_test.php" line="25" assertions="1" time="0.004300"/>
        <testcase name="testAccountConnected" class="User_test" classname="User_test" file="/var/www/html/equipe3-0/CodeIgniter/application/tests/MEC/controllers/User_test.php" line="35" assertions="1" time="0.003803"/>
        <testcase name="testAccountNotConnected" class="User_test" classname="User_test" file="/var/www/html/equipe3-0/CodeIgniter/application/tests/MEC/controllers/User_test.php" line="45" assertions="1" time="0.002478"/>
        <testcase name="testModifyAdress" class="User_test" classname="User_test" file="/var/www/html/equipe3-0/CodeIgniter/application/tests/MEC/controllers/User_test.php" line="51" assertions="2" time="0.006633"/>
      </testsuite>
      <testsuite name="AchatEntity_test" file="/var/www/html/equipe3-0/CodeIgniter/application/tests/MEC/entities/AchatEntity_test.php" tests="3" assertions="3" errors="0" warnings="0" failures="0" skipped="0" time="0.003082">
        <testcase name="testSetIdProduit" class="AchatEntity_test" classname="AchatEntity_test" file="/var/www/html/equipe3-0/CodeIgniter/application/tests/MEC/entities/AchatEntity_test.php" line="5" assertions="1" time="0.001055"/>
        <testcase name="testSetIdFacture" class="AchatEntity_test" classname="AchatEntity_test" file="/var/www/html/equipe3-0/CodeIgniter/application/tests/MEC/entities/AchatEntity_test.php" line="12" assertions="1" time="0.001025"/>
        <testcase name="testSetPrix" class="AchatEntity_test" classname="AchatEntity_test" file="/var/www/html/equipe3-0/CodeIgniter/application/tests/MEC/entities/AchatEntity_test.php" line="19" assertions="1" time="0.001002"/>
      </testsuite>
      <testsuite name="AffectationEntity_test" file="/var/www/html/equipe3-0/CodeIgniter/application/tests/MEC/entities/AffectationEntity_test.php" tests="2" assertions="2" errors="0" warnings="0" failures="0" skipped="0" time="0.002148">
        <testcase name="testSetIdProduit" class="AffectationEntity_test" classname="AffectationEntity_test" file="/var/www/html/equipe3-0/CodeIgniter/application/tests/MEC/entities/AffectationEntity_test.php" line="5" assertions="1" time="0.001010"/>
        <testcase name="testSetIdCategorie" class="AffectationEntity_test" classname="AffectationEntity_test" file="/var/www/html/equipe3-0/CodeIgniter/application/tests/MEC/entities/AffectationEntity_test.php" line="12" assertions="1" time="0.001138"/>
      </testsuite>
      <testsuite name="CategorieEntity_test" file="/var/www/html/equipe3-0/CodeIgniter/application/tests/MEC/entities/CategorieEntity_test.php" tests="1" assertions="1" errors="0" warnings="0" failures="0" skipped="0" time="0.001030">
        <testcase name="testSetLibelle" class="CategorieEntity_test" classname="CategorieEntity_test" file="/var/www/html/equipe3-0/CodeIgniter/application/tests/MEC/entities/CategorieEntity_test.php" line="4" assertions="1" time="0.001030"/>
      </testsuite>
      <testsuite name="FactureEntity_test" file="/var/www/html/equipe3-0/CodeIgniter/application/tests/MEC/entities/FactureEntity_test.php" tests="9" assertions="9" errors="0" warnings="0" failures="0" skipped="0" time="0.009009">
        <testcase name="testSetDate" class="FactureEntity_test" classname="FactureEntity_test" file="/var/www/html/equipe3-0/CodeIgniter/application/tests/MEC/entities/FactureEntity_test.php" line="5" assertions="1" time="0.001018"/>
        <testcase name="testSetTotal" class="FactureEntity_test" classname="FactureEntity_test" file="/var/www/html/equipe3-0/CodeIgniter/application/tests/MEC/entities/FactureEntity_test.php" line="12" assertions="1" time="0.000994"/>
        <testcase name="testSetUserId" class="FactureEntity_test" classname="FactureEntity_test" file="/var/www/html/equipe3-0/CodeIgniter/application/tests/MEC/entities/FactureEntity_test.php" line="19" assertions="1" time="0.000991"/>
        <testcase name="testSetAdresse" class="FactureEntity_test" classname="FactureEntity_test" file="/var/www/html/equipe3-0/CodeIgniter/application/tests/MEC/entities/FactureEntity_test.php" line="26" assertions="1" time="0.001013"/>
        <testcase name="testSetNumeroRue" class="FactureEntity_test" classname="FactureEntity_test" file="/var/www/html/equipe3-0/CodeIgniter/application/tests/MEC/entities/FactureEntity_test.php" line="33" assertions="1" time="0.001000"/>
        <testcase name="testSetPays" class="FactureEntity_test" classname="FactureEntity_test" file="/var/www/html/equipe3-0/CodeIgniter/application/tests/MEC/entities/FactureEntity_test.php" line="40" assertions="1" time="0.001003"/>
        <testcase name="testSetVille" class="FactureEntity_test" classname="FactureEntity_test" file="/var/www/html/equipe3-0/CodeIgniter/application/tests/MEC/entities/FactureEntity_test.php" line="47" assertions="1" time="0.001006"/>
        <testcase name="testSetCodePostal" class="FactureEntity_test" classname="FactureEntity_test" file="/var/www/html/equipe3-0/CodeIgniter/application/tests/MEC/entities/FactureEntity_test.php" line="54" assertions="1" time="0.000998"/>
        <testcase name="testSetPaiement" class="FactureEntity_test" classname="FactureEntity_test" file="/var/www/html/equipe3-0/CodeIgniter/application/tests/MEC/entities/FactureEntity_test.php" line="61" assertions="1" time="0.000986"/>
      </testsuite>
      <testsuite name="ProductEntity_test" file="/var/www/html/equipe3-0/CodeIgniter/application/tests/MEC/entities/ProductEntity_test.php" tests="4" assertions="4" errors="0" warnings="0" failures="0" skipped="0" time="0.004020">
        <testcase name="testSetTitre" class="ProductEntity_test" classname="ProductEntity_test" file="/var/www/html/equipe3-0/CodeIgniter/application/tests/MEC/entities/ProductEntity_test.php" line="5" assertions="1" time="0.000999"/>
        <testcase name="testSetPrix" class="ProductEntity_test" classname="ProductEntity_test" file="/var/www/html/equipe3-0/CodeIgniter/application/tests/MEC/entities/ProductEntity_test.php" line="12" assertions="1" time="0.000999"/>
        <testcase name="testSetDescription" class="ProductEntity_test" classname="ProductEntity_test" file="/var/www/html/equipe3-0/CodeIgniter/application/tests/MEC/entities/ProductEntity_test.php" line="19" assertions="1" time="0.001004"/>
        <testcase name="testSetDisponible" class="ProductEntity_test" classname="ProductEntity_test" file="/var/www/html/equipe3-0/CodeIgniter/application/tests/MEC/entities/ProductEntity_test.php" line="26" assertions="1" time="0.001017"/>
      </testsuite>
      <testsuite name="UserEntity_test" file="/var/www/html/equipe3-0/CodeIgniter/application/tests/MEC/entities/UserEntity_test.php" tests="10" assertions="10" errors="0" warnings="0" failures="0" skipped="0" time="0.010121">
        <testcase name="testSetPrenom" class="UserEntity_test" classname="UserEntity_test" file="/var/www/html/equipe3-0/CodeIgniter/application/tests/MEC/entities/UserEntity_test.php" line="4" assertions="1" time="0.001015"/>
        <testcase name="testSetNom" class="UserEntity_test" classname="UserEntity_test" file="/var/www/html/equipe3-0/CodeIgniter/application/tests/MEC/entities/UserEntity_test.php" line="11" assertions="1" time="0.001003"/>
        <testcase name="testSetPassword" class="UserEntity_test" classname="UserEntity_test" file="/var/www/html/equipe3-0/CodeIgniter/application/tests/MEC/entities/UserEntity_test.php" line="18" assertions="1" time="0.001011"/>
        <testcase name="testSetEmail" class="UserEntity_test" classname="UserEntity_test" file="/var/www/html/equipe3-0/CodeIgniter/application/tests/MEC/entities/UserEntity_test.php" line="25" assertions="1" time="0.000990"/>
        <testcase name="testSetNumRue" class="UserEntity_test" classname="UserEntity_test" file="/var/www/html/equipe3-0/CodeIgniter/application/tests/MEC/entities/UserEntity_test.php" line="32" assertions="1" time="0.001003"/>
        <testcase name="testSetAdresse" class="UserEntity_test" classname="UserEntity_test" file="/var/www/html/equipe3-0/CodeIgniter/application/tests/MEC/entities/UserEntity_test.php" line="39" assertions="1" time="0.001080"/>
        <testcase name="testSetVille" class="UserEntity_test" classname="UserEntity_test" file="/var/www/html/equipe3-0/CodeIgniter/application/tests/MEC/entities/UserEntity_test.php" line="46" assertions="1" time="0.000989"/>
        <testcase name="testSetPostalCode" class="UserEntity_test" classname="UserEntity_test" file="/var/www/html/equipe3-0/CodeIgniter/application/tests/MEC/entities/UserEntity_test.php" line="53" assertions="1" time="0.001020"/>
        <testcase name="testSetPays" class="UserEntity_test" classname="UserEntity_test" file="/var/www/html/equipe3-0/CodeIgniter/application/tests/MEC/entities/UserEntity_test.php" line="60" assertions="1" time="0.000991"/>
        <testcase name="testSetEtat" class="UserEntity_test" classname="UserEntity_test" file="/var/www/html/equipe3-0/CodeIgniter/application/tests/MEC/entities/UserEntity_test.php" line="67" assertions="1" time="0.001018"/>
      </testsuite>
      <testsuite name="AchatModel_test" file="/var/www/html/equipe3-0/CodeIgniter/application/tests/MEC/models/AchatModel_test.php" tests="4" assertions="29" errors="0" warnings="0" failures="0" skipped="0" time="0.014365">
        <testcase name="test_findAll" class="AchatModel_test" classname="AchatModel_test" file="/var/www/html/equipe3-0/CodeIgniter/application/tests/MEC/models/AchatModel_test.php" line="26" assertions="13" time="0.002944"/>
        <testcase name="test_findById" class="AchatModel_test" classname="AchatModel_test" file="/var/www/html/equipe3-0/CodeIgniter/application/tests/MEC/models/AchatModel_test.php" line="58" assertions="12" time="0.002967"/>
        <testcase name="test_boughtFromUser" class="AchatModel_test" classname="AchatModel_test" file="/var/www/html/equipe3-0/CodeIgniter/application/tests/MEC/models/AchatModel_test.php" line="87" assertions="3" time="0.003556"/>
        <testcase name="test_addAchat" class="AchatModel_test" classname="AchatModel_test" file="/var/www/html/equipe3-0/CodeIgniter/application/tests/MEC/models/AchatModel_test.php" line="101" assertions="1" time="0.004898"/>
      </testsuite>
      <testsuite name="AffectationModel_test" file="/var/www/html/equipe3-0/CodeIgniter/application/tests/MEC/models/AffectationModel_test.php" tests="5" assertions="26" errors="0" warnings="0" failures="0" skipped="0" time="0.017541">
        <testcase name="test_findAll" class="AffectationModel_test" classname="AffectationModel_test" file="/var/www/html/equipe3-0/CodeIgniter/application/tests/MEC/models/AffectationModel_test.php" line="26" assertions="13" time="0.002723"/>
        <testcase name="test_findByIdProduct" class="AffectationModel_test" classname="AffectationModel_test" file="/var/www/html/equipe3-0/CodeIgniter/application/tests/MEC/models/AffectationModel_test.php" line="62" assertions="3" time="0.002646"/>
        <testcase name="test_findByIdCategorie" class="AffectationModel_test" classname="AffectationModel_test" file="/var/www/html/equipe3-0/CodeIgniter/application/tests/MEC/models/AffectationModel_test.php" line="72" assertions="6" time="0.002652"/>
        <testcase name="test_addAffectations" class="AffectationModel_test" classname="AffectationModel_test" file="/var/www/html/equipe3-0/CodeIgniter/application/tests/MEC/models/AffectationModel_test.php" line="85" assertions="3" time="0.004739"/>
        <testcase name="test_removeAffectations" class="AffectationModel_test" classname="AffectationModel_test" file="/var/www/html/equipe3-0/CodeIgniter/application/tests/MEC/models/AffectationModel_test.php" line="97" assertions="1" time="0.004780"/>
      </testsuite>
      <testsuite name="CategorieModel_test" file="/var/www/html/equipe3-0/CodeIgniter/application/tests/MEC/models/CategorieModel_test.php" tests="7" assertions="18" errors="0" warnings="0" failures="0" skipped="0" time="0.028813">
        <testcase name="test_findAll" class="CategorieModel_test" classname="CategorieModel_test" file="/var/www/html/equipe3-0/CodeIgniter/application/tests/MEC/models/CategorieModel_test.php" line="26" assertions="7" time="0.002656"/>
        <testcase name="test_findById" class="CategorieModel_test" classname="CategorieModel_test" file="/var/www/html/equipe3-0/CodeIgniter/application/tests/MEC/models/CategorieModel_test.php" line="50" assertions="2" time="0.002555"/>
        <testcase name="test_findQueryBuilder" class="CategorieModel_test" classname="CategorieModel_test" file="/var/www/html/equipe3-0/CodeIgniter/application/tests/MEC/models/CategorieModel_test.php" line="59" assertions="2" time="0.002711"/>
        <testcase name="test_addCategorie" class="CategorieModel_test" classname="CategorieModel_test" file="/var/www/html/equipe3-0/CodeIgniter/application/tests/MEC/models/CategorieModel_test.php" line="69" assertions="2" time="0.005705"/>
        <testcase name="test_updateCategorie" class="CategorieModel_test" classname="CategorieModel_test" file="/var/www/html/equipe3-0/CodeIgniter/application/tests/MEC/models/CategorieModel_test.php" line="84" assertions="2" time="0.004911"/>
        <testcase name="test_removeCategorie" class="CategorieModel_test" classname="CategorieModel_test" file="/var/www/html/equipe3-0/CodeIgniter/application/tests/MEC/models/CategorieModel_test.php" line="100" assertions="2" time="0.007662"/>
        <testcase name="test_findByModelId" class="CategorieModel_test" classname="CategorieModel_test" file="/var/www/html/equipe3-0/CodeIgniter/application/tests/MEC/models/CategorieModel_test.php" line="118" assertions="1" time="0.002613"/>
      </testsuite>
      <testsuite name="FactureModel_test" file="/var/www/html/equipe3-0/CodeIgniter/application/tests/MEC/models/FactureModel_test.php" tests="5" assertions="56" errors="0" warnings="0" failures="0" skipped="0" time="0.016326">
        <testcase name="test_findAll" class="FactureModel_test" classname="FactureModel_test" file="/var/www/html/equipe3-0/CodeIgniter/application/tests/MEC/models/FactureModel_test.php" line="26" assertions="27" time="0.002870"/>
        <testcase name="test_findByUser" class="FactureModel_test" classname="FactureModel_test" file="/var/www/html/equipe3-0/CodeIgniter/application/tests/MEC/models/FactureModel_test.php" line="78" assertions="9" time="0.002631"/>
        <testcase name="test_findById" class="FactureModel_test" classname="FactureModel_test" file="/var/www/html/equipe3-0/CodeIgniter/application/tests/MEC/models/FactureModel_test.php" line="108" assertions="9" time="0.002683"/>
        <testcase name="test_findQueryBuilder" class="FactureModel_test" classname="FactureModel_test" file="/var/www/html/equipe3-0/CodeIgniter/application/tests/MEC/models/FactureModel_test.php" line="135" assertions="10" time="0.002868"/>
        <testcase name="test_addFacture" class="FactureModel_test" classname="FactureModel_test" file="/var/www/html/equipe3-0/CodeIgniter/application/tests/MEC/models/FactureModel_test.php" line="165" assertions="1" time="0.005274"/>
      </testsuite>
      <testsuite name="ProductModel_test" file="/var/www/html/equipe3-0/CodeIgniter/application/tests/MEC/models/ProductModel_test.php" tests="10" assertions="80" errors="0" warnings="0" failures="0" skipped="0" time="0.064375">
        <testcase name="test_findAll" class="ProductModel_test" classname="ProductModel_test" file="/var/www/html/equipe3-0/CodeIgniter/application/tests/MEC/models/ProductModel_test.php" line="26" assertions="16" time="0.002878"/>
        <testcase name="test_findAllAvailable" class="ProductModel_test" classname="ProductModel_test" file="/var/www/html/equipe3-0/CodeIgniter/application/tests/MEC/models/ProductModel_test.php" line="62" assertions="16" time="0.002616"/>
        <testcase name="test_findById" class="ProductModel_test" classname="ProductModel_test" file="/var/www/html/equipe3-0/CodeIgniter/application/tests/MEC/models/ProductModel_test.php" line="97" assertions="15" time="0.002915"/>
        <testcase name="test_findIdAvailable" class="ProductModel_test" classname="ProductModel_test" file="/var/www/html/equipe3-0/CodeIgniter/application/tests/MEC/models/ProductModel_test.php" line="131" assertions="15" time="0.002969"/>
        <testcase name="test_findQueryBuilder" class="ProductModel_test" classname="ProductModel_test" file="/var/www/html/equipe3-0/CodeIgniter/application/tests/MEC/models/ProductModel_test.php" line="163" assertions="5" time="0.002751"/>
        <testcase name="test_addProduct" class="ProductModel_test" classname="ProductModel_test" file="/var/www/html/equipe3-0/CodeIgniter/application/tests/MEC/models/ProductModel_test.php" line="181" assertions="5" time="0.011325"/>
        <testcase name="test_updateProduct" class="ProductModel_test" classname="ProductModel_test" file="/var/www/html/equipe3-0/CodeIgniter/application/tests/MEC/models/ProductModel_test.php" line="205" assertions="5" time="0.021870"/>
        <testcase name="test_removeProduct" class="ProductModel_test" classname="ProductModel_test" file="/var/www/html/equipe3-0/CodeIgniter/application/tests/MEC/models/ProductModel_test.php" line="225" assertions="1" time="0.011558"/>
        <testcase name="test_getProductsByUserId" class="ProductModel_test" classname="ProductModel_test" file="/var/www/html/equipe3-0/CodeIgniter/application/tests/MEC/models/ProductModel_test.php" line="239" assertions="1" time="0.002949"/>
        <testcase name="test_getNumberOfAvailableProducts" class="ProductModel_test" classname="ProductModel_test" file="/var/www/html/equipe3-0/CodeIgniter/application/tests/MEC/models/ProductModel_test.php" line="246" assertions="1" time="0.002543"/>
      </testsuite>
      <testsuite name="UserModel_test" file="/var/www/html/equipe3-0/CodeIgniter/application/tests/MEC/models/UserModel_test.php" tests="7" assertions="67" errors="0" warnings="0" failures="0" skipped="0" time="0.026865">
        <testcase name="test_findAll" class="UserModel_test" classname="UserModel_test" file="/var/www/html/equipe3-0/CodeIgniter/application/tests/MEC/models/UserModel_test.php" line="25" assertions="16" time="0.002696"/>
        <testcase name="test_findById" class="UserModel_test" classname="UserModel_test" file="/var/www/html/equipe3-0/CodeIgniter/application/tests/MEC/models/UserModel_test.php" line="64" assertions="18" time="0.002933"/>
        <testcase name="test_findByEmail" class="UserModel_test" classname="UserModel_test" file="/var/www/html/equipe3-0/CodeIgniter/application/tests/MEC/models/UserModel_test.php" line="100" assertions="18" time="0.002903"/>
        <testcase name="test_addUser" class="UserModel_test" classname="UserModel_test" file="/var/www/html/equipe3-0/CodeIgniter/application/tests/MEC/models/UserModel_test.php" line="136" assertions="6" time="0.005119"/>
        <testcase name="test_updateUser" class="UserModel_test" classname="UserModel_test" file="/var/www/html/equipe3-0/CodeIgniter/application/tests/MEC/models/UserModel_test.php" line="160" assertions="6" time="0.005356"/>
        <testcase name="test_activeUser" class="UserModel_test" classname="UserModel_test" file="/var/www/html/equipe3-0/CodeIgniter/application/tests/MEC/models/UserModel_test.php" line="182" assertions="1" time="0.004935"/>
        <testcase name="test_isActive" class="UserModel_test" classname="UserModel_test" file="/var/www/html/equipe3-0/CodeIgniter/application/tests/MEC/models/UserModel_test.php" line="193" assertions="2" time="0.002923"/>
      </testsuite>
    </testsuite>
  </testsuite>
</testsuites>
